Installed version: v0.9.2-beta.1 (latest: v0.9.1-alpha.3)
Available backends: CVXPY v1.3.2
Default backend (corneto.K): CVXPY
Installed solvers: ECOS, ECOS_BB, GUROBI, OSQP, SCIPY, SCS
Graphviz version: Graphviz not installed. To support plotting, please install graphviz with conda
Repository: https://github.com/saezlab/corneto
Set parameter ServerPassword
Set parameter GURO_PAR_SPECIAL
Set parameter TokenServer to value "bq-lic01"
Set parameter ServerPassword
Set parameter GURO_PAR_SPECIAL
Set parameter TokenServer to value "bq-lic01"
Set parameter ServerPassword
Set parameter GURO_PAR_SPECIAL
Set parameter TokenServer to value "bq-lic01"
Set parameter ServerPassword
Set parameter GURO_PAR_SPECIAL
Set parameter TokenServer to value "bq-lic01"
Set parameter ServerPassword
Set parameter GURO_PAR_SPECIAL
Set parameter TokenServer to value "bq-lic01"
Set parameter ServerPassword
Set parameter GURO_PAR_SPECIAL
Set parameter TokenServer to value "bq-lic01"
Set parameter ServerPassword
Set parameter GURO_PAR_SPECIAL
Set parameter TokenServer to value "bq-lic01"
Set parameter ServerPassword
Set parameter GURO_PAR_SPECIAL
Set parameter TokenServer to value "bq-lic01"
Set parameter ServerPassword
Set parameter ServerPassword
Set parameter GURO_PAR_SPECIAL
Set parameter GURO_PAR_SPECIAL
Set parameter TokenServer to value "bq-lic01"
Set parameter TokenServer to value "bq-lic01"
Set parameter ServerPassword
Set parameter GURO_PAR_SPECIAL
Set parameter TokenServer to value "bq-lic01"
Set parameter ServerPassword
Set parameter GURO_PAR_SPECIAL
Set parameter TokenServer to value "bq-lic01"
Set parameter ServerPassword
Set parameter GURO_PAR_SPECIAL
Set parameter TokenServer to value "bq-lic01"
Set parameter ServerPassword
Set parameter GURO_PAR_SPECIAL
Set parameter TokenServer to value "bq-lic01"
Set parameter ServerPassword
Set parameter GURO_PAR_SPECIAL
Set parameter TokenServer to value "bq-lic01"
Set parameter ServerPassword
Set parameter GURO_PAR_SPECIAL
Set parameter TokenServer to value "bq-lic01"
Set parameter ServerPassword
Set parameter GURO_PAR_SPECIAL
Set parameter TokenServer to value "bq-lic01"
Set parameter ServerPassword
Set parameter GURO_PAR_SPECIAL
Set parameter TokenServer to value "bq-lic01"
Set parameter ServerPassword
Set parameter GURO_PAR_SPECIAL
Set parameter TokenServer to value "bq-lic01"
Set parameter ServerPassword
Set parameter GURO_PAR_SPECIAL
Set parameter TokenServer to value "bq-lic01"
Set parameter ServerPassword
Set parameter GURO_PAR_SPECIAL
Set parameter TokenServer to value "bq-lic01"
Set parameter ServerPassword
Set parameter GURO_PAR_SPECIAL
Set parameter TokenServer to value "bq-lic01"
Set parameter ServerPassword
Set parameter GURO_PAR_SPECIAL
Set parameter TokenServer to value "bq-lic01"
Set parameter ServerPassword
Set parameter GURO_PAR_SPECIAL
Set parameter TokenServer to value "bq-lic01"
Set parameter ServerPassword
Set parameter GURO_PAR_SPECIAL
Set parameter TokenServer to value "bq-lic01"
Set parameter ServerPassword
Set parameter GURO_PAR_SPECIAL
Set parameter TokenServer to value "bq-lic01"
Set parameter ServerPassword
Set parameter GURO_PAR_SPECIAL
Set parameter TokenServer to value "bq-lic01"
Set parameter ServerPassword
Set parameter GURO_PAR_SPECIAL
Set parameter TokenServer to value "bq-lic01"
Set parameter ServerPassword
Set parameter GURO_PAR_SPECIAL
Set parameter TokenServer to value "bq-lic01"
Set parameter ServerPassword
Set parameter GURO_PAR_SPECIAL
Set parameter TokenServer to value "bq-lic01"
Set parameter ServerPassword
Set parameter GURO_PAR_SPECIAL
Set parameter TokenServer to value "bq-lic01"
Set parameter ServerPassword
Set parameter GURO_PAR_SPECIAL
Set parameter TokenServer to value "bq-lic01"
Set parameter ServerPassword
Set parameter GURO_PAR_SPECIAL
Set parameter TokenServer to value "bq-lic01"
Set parameter ServerPassword
Set parameter GURO_PAR_SPECIAL
Set parameter TokenServer to value "bq-lic01"
Set parameter ServerPassword
Set parameter GURO_PAR_SPECIAL
Set parameter TokenServer to value "bq-lic01"
Set parameter ServerPassword
Set parameter GURO_PAR_SPECIAL
Set parameter TokenServer to value "bq-lic01"
Set parameter ServerPassword
Set parameter GURO_PAR_SPECIAL
Set parameter TokenServer to value "bq-lic01"
Set parameter ServerPassword
Set parameter GURO_PAR_SPECIAL
Set parameter TokenServer to value "bq-lic01"
Set parameter ServerPassword
Set parameter GURO_PAR_SPECIAL
Set parameter TokenServer to value "bq-lic01"
Set parameter ServerPassword
Set parameter GURO_PAR_SPECIAL
Set parameter TokenServer to value "bq-lic01"
Set parameter ServerPassword
Set parameter GURO_PAR_SPECIAL
Set parameter TokenServer to value "bq-lic01"
Set parameter ServerPassword
Set parameter GURO_PAR_SPECIAL
Set parameter TokenServer to value "bq-lic01"
Set parameter ServerPassword
Set parameter GURO_PAR_SPECIAL
Set parameter TokenServer to value "bq-lic01"
Set parameter ServerPassword
Set parameter GURO_PAR_SPECIAL
Set parameter TokenServer to value "bq-lic01"
Set parameter ServerPassword
Set parameter GURO_PAR_SPECIAL
Set parameter TokenServer to value "bq-lic01"
Set parameter ServerPassword
Set parameter GURO_PAR_SPECIAL
Set parameter TokenServer to value "bq-lic01"
Set parameter ServerPassword
Set parameter GURO_PAR_SPECIAL
Set parameter TokenServer to value "bq-lic01"
Set parameter ServerPassword
Set parameter GURO_PAR_SPECIAL
Set parameter TokenServer to value "bq-lic01"
Set parameter ServerPassword
Set parameter GURO_PAR_SPECIAL
Set parameter TokenServer to value "bq-lic01"
Set parameter ServerPassword
Set parameter GURO_PAR_SPECIAL
Set parameter TokenServer to value "bq-lic01"
Set parameter ServerPassword
Set parameter GURO_PAR_SPECIAL
Set parameter TokenServer to value "bq-lic01"
Set parameter ServerPassword
Set parameter GURO_PAR_SPECIAL
Set parameter TokenServer to value "bq-lic01"
Set parameter ServerPassword
Set parameter GURO_PAR_SPECIAL
Set parameter TokenServer to value "bq-lic01"
Set parameter ServerPassword
Set parameter GURO_PAR_SPECIAL
Set parameter TokenServer to value "bq-lic01"
Set parameter ServerPassword
Set parameter GURO_PAR_SPECIAL
Set parameter TokenServer to value "bq-lic01"
Set parameter ServerPassword
Set parameter GURO_PAR_SPECIAL
Set parameter TokenServer to value "bq-lic01"
Set parameter ServerPassword
Set parameter GURO_PAR_SPECIAL
Set parameter TokenServer to value "bq-lic01"
Set parameter ServerPassword
Set parameter GURO_PAR_SPECIAL
Set parameter TokenServer to value "bq-lic01"
Set parameter ServerPassword
Set parameter GURO_PAR_SPECIAL
Set parameter TokenServer to value "bq-lic01"
Set parameter ServerPassword
Set parameter GURO_PAR_SPECIAL
Set parameter TokenServer to value "bq-lic01"
Set parameter ServerPassword
Set parameter GURO_PAR_SPECIAL
Set parameter TokenServer to value "bq-lic01"
Set parameter ServerPassword
Set parameter GURO_PAR_SPECIAL
Set parameter TokenServer to value "bq-lic01"
Set parameter ServerPassword
Set parameter GURO_PAR_SPECIAL
Set parameter TokenServer to value "bq-lic01"
Set parameter ServerPassword
Set parameter GURO_PAR_SPECIAL
Set parameter TokenServer to value "bq-lic01"
[(1, 505.3356237411499), (2, 324.0104413032532), (4, 145.8549509048462), (8, 107.43714714050293), (16, 99.50847172737122), (32, 142.80556344985962)]
