[Parallel(n_jobs=1)]: Done   1 tasks      | elapsed:    5.6s
[Parallel(n_jobs=1)]: Done   4 tasks      | elapsed:   35.4s
[Parallel(n_jobs=1)]: Done   7 tasks      | elapsed:   55.9s
[Parallel(n_jobs=1)]: Done  12 tasks      | elapsed:  1.5min
[Parallel(n_jobs=1)]: Done  17 tasks      | elapsed:  2.4min
[Parallel(n_jobs=1)]: Done  24 tasks      | elapsed:  3.3min
[Parallel(n_jobs=1)]: Done  31 tasks      | elapsed:  4.1min
[Parallel(n_jobs=2)]: Using backend LokyBackend with 2 concurrent workers.
[Parallel(n_jobs=2)]: Done   1 tasks      | elapsed:    9.6s
[Parallel(n_jobs=2)]: Done   4 tasks      | elapsed:   18.3s
[Parallel(n_jobs=2)]: Done   9 tasks      | elapsed:   40.5s
/net/data.isilon/ag-saez/bq_prodriguez/software/miniconda3/envs/corneto/lib/python3.10/site-packages/joblib/externals/loky/process_executor.py:752: UserWarning: A worker stopped while some jobs were given to the executor. This can be caused by a too short worker timeout or by a memory leak.
  warnings.warn(
[Parallel(n_jobs=2)]: Done  14 tasks      | elapsed:  1.2min
[Parallel(n_jobs=2)]: Done  21 tasks      | elapsed:  1.6min
[Parallel(n_jobs=2)]: Done  28 tasks      | elapsed:  2.1min
[Parallel(n_jobs=2)]: Done  32 out of  32 | elapsed:  2.6min finished
[Parallel(n_jobs=4)]: Using backend LokyBackend with 4 concurrent workers.
[Parallel(n_jobs=4)]: Done   5 tasks      | elapsed:   17.4s
[Parallel(n_jobs=4)]: Done  10 tasks      | elapsed:   27.4s
[Parallel(n_jobs=4)]: Done  17 tasks      | elapsed:   53.9s
[Parallel(n_jobs=4)]: Done  24 tasks      | elapsed:  1.2min
[Parallel(n_jobs=4)]: Done  29 out of  32 | elapsed:  1.4min remaining:    8.6s
[Parallel(n_jobs=4)]: Done  32 out of  32 | elapsed:  1.7min finished
[Parallel(n_jobs=8)]: Using backend LokyBackend with 8 concurrent workers.
[Parallel(n_jobs=8)]: Done   2 tasks      | elapsed:   14.1s
[Parallel(n_jobs=8)]: Done   9 tasks      | elapsed:   29.0s
[Parallel(n_jobs=8)]: Done  16 tasks      | elapsed:   38.3s
[Parallel(n_jobs=8)]: Done  21 out of  32 | elapsed:   52.1s remaining:   27.3s
[Parallel(n_jobs=8)]: Done  25 out of  32 | elapsed:   56.2s remaining:   15.7s
[Parallel(n_jobs=8)]: Done  29 out of  32 | elapsed:  1.1min remaining:    6.5s
[Parallel(n_jobs=8)]: Done  32 out of  32 | elapsed:  1.3min finished
[Parallel(n_jobs=16)]: Using backend LokyBackend with 16 concurrent workers.
[Parallel(n_jobs=16)]: Done   5 out of  32 | elapsed:   24.8s remaining:  2.2min
[Parallel(n_jobs=16)]: Done   9 out of  32 | elapsed:   27.9s remaining:  1.2min
[Parallel(n_jobs=16)]: Done  13 out of  32 | elapsed:   44.1s remaining:  1.1min
[Parallel(n_jobs=16)]: Done  17 out of  32 | elapsed:   46.1s remaining:   40.7s
[Parallel(n_jobs=16)]: Done  21 out of  32 | elapsed:   47.5s remaining:   24.9s
[Parallel(n_jobs=16)]: Done  25 out of  32 | elapsed:   56.7s remaining:   15.9s
[Parallel(n_jobs=16)]: Done  29 out of  32 | elapsed:  1.1min remaining:    6.5s
[Parallel(n_jobs=16)]: Done  32 out of  32 | elapsed:  1.3min finished
[Parallel(n_jobs=32)]: Using backend LokyBackend with 32 concurrent workers.
[Parallel(n_jobs=32)]: Done   5 out of  32 | elapsed:   45.7s remaining:  4.1min
[Parallel(n_jobs=32)]: Done   9 out of  32 | elapsed:   48.6s remaining:  2.1min
[Parallel(n_jobs=32)]: Done  13 out of  32 | elapsed:   52.9s remaining:  1.3min
[Parallel(n_jobs=32)]: Done  17 out of  32 | elapsed:  1.1min remaining:   57.3s
[Parallel(n_jobs=32)]: Done  21 out of  32 | elapsed:  1.1min remaining:   35.1s
[Parallel(n_jobs=32)]: Done  25 out of  32 | elapsed:  1.4min remaining:   24.3s
[Parallel(n_jobs=32)]: Done  29 out of  32 | elapsed:  1.6min remaining:   10.0s
[Parallel(n_jobs=32)]: Done  32 out of  32 | elapsed:  1.7min finished
