[Parallel(n_jobs=1)]: Done   1 tasks      | elapsed:    6.2s
[Parallel(n_jobs=1)]: Done   4 tasks      | elapsed:   30.3s
[Parallel(n_jobs=1)]: Done   7 tasks      | elapsed:   53.0s
[Parallel(n_jobs=1)]: Done  12 tasks      | elapsed:  1.6min
[Parallel(n_jobs=1)]: Done  17 tasks      | elapsed:  5.4min
[Parallel(n_jobs=1)]: Done  24 tasks      | elapsed:  7.3min
[Parallel(n_jobs=1)]: Done  31 tasks      | elapsed:  8.1min
[Parallel(n_jobs=2)]: Using backend LokyBackend with 2 concurrent workers.
[Parallel(n_jobs=2)]: Done   1 tasks      | elapsed:    8.2s
[Parallel(n_jobs=2)]: Done   4 tasks      | elapsed:   27.0s
[Parallel(n_jobs=2)]: Done   9 tasks      | elapsed:  2.3min
/net/data.isilon/ag-saez/bq_prodriguez/software/miniconda3/envs/corneto/lib/python3.10/site-packages/joblib/externals/loky/process_executor.py:752: UserWarning: A worker stopped while some jobs were given to the executor. This can be caused by a too short worker timeout or by a memory leak.
  warnings.warn(
[Parallel(n_jobs=2)]: Done  14 tasks      | elapsed:  2.9min
[Parallel(n_jobs=2)]: Done  21 tasks      | elapsed:  3.4min
[Parallel(n_jobs=2)]: Done  28 tasks      | elapsed:  3.8min
[Parallel(n_jobs=2)]: Done  32 out of  32 | elapsed:  5.4min finished
[Parallel(n_jobs=4)]: Using backend LokyBackend with 4 concurrent workers.
[Parallel(n_jobs=4)]: Done   5 tasks      | elapsed:   16.4s
[Parallel(n_jobs=4)]: Done  10 tasks      | elapsed:   31.7s
[Parallel(n_jobs=4)]: Done  17 tasks      | elapsed:  1.5min
[Parallel(n_jobs=4)]: Done  24 tasks      | elapsed:  2.0min
[Parallel(n_jobs=4)]: Done  29 out of  32 | elapsed:  2.2min remaining:   13.7s
[Parallel(n_jobs=4)]: Done  32 out of  32 | elapsed:  2.4min finished
[Parallel(n_jobs=8)]: Using backend LokyBackend with 8 concurrent workers.
[Parallel(n_jobs=8)]: Done   2 tasks      | elapsed:   12.8s
[Parallel(n_jobs=8)]: Done   9 tasks      | elapsed:   21.3s
[Parallel(n_jobs=8)]: Done  16 tasks      | elapsed:   38.5s
[Parallel(n_jobs=8)]: Done  21 out of  32 | elapsed:   51.4s remaining:   26.9s
[Parallel(n_jobs=8)]: Done  25 out of  32 | elapsed:   54.1s remaining:   15.2s
[Parallel(n_jobs=8)]: Done  29 out of  32 | elapsed:  1.2min remaining:    7.7s
[Parallel(n_jobs=8)]: Done  32 out of  32 | elapsed:  1.8min finished
[Parallel(n_jobs=16)]: Using backend LokyBackend with 16 concurrent workers.
[Parallel(n_jobs=16)]: Done   5 out of  32 | elapsed:   21.7s remaining:  2.0min
[Parallel(n_jobs=16)]: Done   9 out of  32 | elapsed:   22.9s remaining:   58.6s
[Parallel(n_jobs=16)]: Done  13 out of  32 | elapsed:   29.0s remaining:   42.4s
[Parallel(n_jobs=16)]: Done  17 out of  32 | elapsed:   32.7s remaining:   28.9s
[Parallel(n_jobs=16)]: Done  21 out of  32 | elapsed:   35.0s remaining:   18.3s
[Parallel(n_jobs=16)]: Done  25 out of  32 | elapsed:   38.5s remaining:   10.8s
[Parallel(n_jobs=16)]: Done  29 out of  32 | elapsed:   50.7s remaining:    5.2s
[Parallel(n_jobs=16)]: Done  32 out of  32 | elapsed:  1.7min finished
[Parallel(n_jobs=32)]: Using backend LokyBackend with 32 concurrent workers.
[Parallel(n_jobs=32)]: Done   5 out of  32 | elapsed:   39.4s remaining:  3.5min
[Parallel(n_jobs=32)]: Done   9 out of  32 | elapsed:   40.5s remaining:  1.7min
[Parallel(n_jobs=32)]: Done  13 out of  32 | elapsed:   40.7s remaining:   59.5s
[Parallel(n_jobs=32)]: Done  17 out of  32 | elapsed:   43.1s remaining:   38.1s
[Parallel(n_jobs=32)]: Done  21 out of  32 | elapsed:   46.2s remaining:   24.2s
[Parallel(n_jobs=32)]: Done  25 out of  32 | elapsed:   55.1s remaining:   15.4s
[Parallel(n_jobs=32)]: Done  29 out of  32 | elapsed:  1.1min remaining:    6.8s
[Parallel(n_jobs=32)]: Done  32 out of  32 | elapsed:  2.4min finished
