Installed version: v0.9.2-beta.1 (latest: v0.9.1-alpha.3)
Available backends: CVXPY v1.3.2
Default backend (corneto.K): CVXPY
Installed solvers: ECOS, ECOS_BB, GUROBI, OSQP, SCIPY, SCS
Graphviz version: Graphviz not installed. To support plotting, please install graphviz with conda
Repository: https://github.com/saezlab/corneto
Set parameter ServerPassword
Set parameter GURO_PAR_SPECIAL
Set parameter TokenServer to value "bq-lic01"
Set parameter ServerPassword
Set parameter GURO_PAR_SPECIAL
Set parameter TokenServer to value "bq-lic01"
Set parameter ServerPassword
Set parameter GURO_PAR_SPECIAL
Set parameter TokenServer to value "bq-lic01"
Set parameter ServerPassword
Set parameter GURO_PAR_SPECIAL
Set parameter TokenServer to value "bq-lic01"
Set parameter ServerPassword
Set parameter GURO_PAR_SPECIAL
Set parameter TokenServer to value "bq-lic01"
Set parameter ServerPassword
Set parameter GURO_PAR_SPECIAL
Set parameter TokenServer to value "bq-lic01"
Set parameter ServerPassword
Set parameter GURO_PAR_SPECIAL
Set parameter TokenServer to value "bq-lic01"
Set parameter ServerPassword
Set parameter ServerPassword
Set parameter GURO_PAR_SPECIAL
Set parameter TokenServer to value "bq-lic01"
Set parameter GURO_PAR_SPECIAL
Set parameter TokenServer to value "bq-lic01"
Set parameter ServerPassword
Set parameter GURO_PAR_SPECIAL
Set parameter TokenServer to value "bq-lic01"
Set parameter ServerPassword
Set parameter GURO_PAR_SPECIAL
Set parameter TokenServer to value "bq-lic01"
Set parameter ServerPassword
Set parameter GURO_PAR_SPECIAL
Set parameter TokenServer to value "bq-lic01"
Set parameter ServerPassword
Set parameter GURO_PAR_SPECIAL
Set parameter TokenServer to value "bq-lic01"
Set parameter ServerPassword
Set parameter GURO_PAR_SPECIAL
Set parameter TokenServer to value "bq-lic01"
Set parameter ServerPassword
Set parameter GURO_PAR_SPECIAL
Set parameter TokenServer to value "bq-lic01"
Set parameter ServerPassword
Set parameter GURO_PAR_SPECIAL
Set parameter TokenServer to value "bq-lic01"
Set parameter ServerPassword
Set parameter GURO_PAR_SPECIAL
Set parameter TokenServer to value "bq-lic01"
Set parameter ServerPassword
Set parameter GURO_PAR_SPECIAL
Set parameter TokenServer to value "bq-lic01"
Set parameter ServerPassword
Set parameter GURO_PAR_SPECIAL
Set parameter TokenServer to value "bq-lic01"
Set parameter ServerPassword
Set parameter GURO_PAR_SPECIAL
Set parameter TokenServer to value "bq-lic01"
Set parameter ServerPassword
Set parameter GURO_PAR_SPECIAL
Set parameter TokenServer to value "bq-lic01"
Set parameter ServerPassword
Set parameter GURO_PAR_SPECIAL
Set parameter TokenServer to value "bq-lic01"
Set parameter ServerPassword
Set parameter GURO_PAR_SPECIAL
Set parameter TokenServer to value "bq-lic01"
Set parameter ServerPassword
Set parameter GURO_PAR_SPECIAL
Set parameter TokenServer to value "bq-lic01"
Set parameter ServerPassword
Set parameter GURO_PAR_SPECIAL
Set parameter TokenServer to value "bq-lic01"
Set parameter ServerPassword
Set parameter GURO_PAR_SPECIAL
Set parameter TokenServer to value "bq-lic01"
Set parameter ServerPassword
Set parameter GURO_PAR_SPECIAL
Set parameter TokenServer to value "bq-lic01"
Set parameter ServerPassword
Set parameter GURO_PAR_SPECIAL
Set parameter TokenServer to value "bq-lic01"
Set parameter ServerPassword
Set parameter GURO_PAR_SPECIAL
Set parameter TokenServer to value "bq-lic01"
Set parameter ServerPassword
Set parameter GURO_PAR_SPECIAL
Set parameter TokenServer to value "bq-lic01"
Set parameter ServerPassword
Set parameter GURO_PAR_SPECIAL
Set parameter TokenServer to value "bq-lic01"
Set parameter ServerPassword
Set parameter GURO_PAR_SPECIAL
Set parameter TokenServer to value "bq-lic01"
Set parameter ServerPassword
Set parameter GURO_PAR_SPECIAL
Set parameter TokenServer to value "bq-lic01"
Set parameter ServerPassword
Set parameter GURO_PAR_SPECIAL
Set parameter TokenServer to value "bq-lic01"
Set parameter ServerPassword
Set parameter GURO_PAR_SPECIAL
Set parameter TokenServer to value "bq-lic01"
Set parameter ServerPassword
Set parameter GURO_PAR_SPECIAL
Set parameter TokenServer to value "bq-lic01"
Set parameter ServerPassword
Set parameter GURO_PAR_SPECIAL
Set parameter TokenServer to value "bq-lic01"
Set parameter ServerPassword
Set parameter GURO_PAR_SPECIAL
Set parameter TokenServer to value "bq-lic01"
Set parameter ServerPassword
Set parameter GURO_PAR_SPECIAL
Set parameter TokenServer to value "bq-lic01"
Set parameter ServerPassword
Set parameter GURO_PAR_SPECIAL
Set parameter TokenServer to value "bq-lic01"
Set parameter ServerPassword
Set parameter GURO_PAR_SPECIAL
Set parameter TokenServer to value "bq-lic01"
Set parameter ServerPassword
Set parameter GURO_PAR_SPECIAL
Set parameter TokenServer to value "bq-lic01"
Set parameter ServerPassword
Set parameter GURO_PAR_SPECIAL
Set parameter TokenServer to value "bq-lic01"
Set parameter ServerPassword
Set parameter GURO_PAR_SPECIAL
Set parameter TokenServer to value "bq-lic01"
Set parameter ServerPassword
Set parameter GURO_PAR_SPECIAL
Set parameter TokenServer to value "bq-lic01"
Set parameter ServerPassword
Set parameter GURO_PAR_SPECIAL
Set parameter TokenServer to value "bq-lic01"
Set parameter ServerPassword
Set parameter GURO_PAR_SPECIAL
Set parameter TokenServer to value "bq-lic01"
Set parameter ServerPassword
Set parameter GURO_PAR_SPECIAL
Set parameter TokenServer to value "bq-lic01"
Set parameter ServerPassword
Set parameter GURO_PAR_SPECIAL
Set parameter TokenServer to value "bq-lic01"
Set parameter ServerPassword
Set parameter GURO_PAR_SPECIAL
Set parameter TokenServer to value "bq-lic01"
Set parameter ServerPassword
Set parameter GURO_PAR_SPECIAL
Set parameter TokenServer to value "bq-lic01"
Set parameter ServerPassword
Set parameter GURO_PAR_SPECIAL
Set parameter TokenServer to value "bq-lic01"
Set parameter ServerPassword
Set parameter GURO_PAR_SPECIAL
Set parameter TokenServer to value "bq-lic01"
Set parameter ServerPassword
Set parameter GURO_PAR_SPECIAL
Set parameter TokenServer to value "bq-lic01"
Set parameter ServerPassword
Set parameter GURO_PAR_SPECIAL
Set parameter TokenServer to value "bq-lic01"
Set parameter ServerPassword
Set parameter GURO_PAR_SPECIAL
Set parameter TokenServer to value "bq-lic01"
Set parameter ServerPassword
Set parameter GURO_PAR_SPECIAL
Set parameter TokenServer to value "bq-lic01"
Set parameter ServerPassword
Set parameter GURO_PAR_SPECIAL
Set parameter TokenServer to value "bq-lic01"
Set parameter ServerPassword
Set parameter GURO_PAR_SPECIAL
Set parameter TokenServer to value "bq-lic01"
Set parameter ServerPassword
Set parameter GURO_PAR_SPECIAL
Set parameter TokenServer to value "bq-lic01"
Set parameter ServerPassword
Set parameter GURO_PAR_SPECIAL
Set parameter TokenServer to value "bq-lic01"
Set parameter ServerPassword
Set parameter GURO_PAR_SPECIAL
Set parameter TokenServer to value "bq-lic01"
Set parameter ServerPassword
Set parameter GURO_PAR_SPECIAL
Set parameter TokenServer to value "bq-lic01"
[(1, 351.9289858341217), (2, 173.4129889011383), (4, 185.5957887172699), (8, 129.67506504058838), (16, 139.2392554283142), (32, 94.08762454986572)]
