[Parallel(n_jobs=1)]: Done   1 tasks      | elapsed:    7.0s
[Parallel(n_jobs=1)]: Done   4 tasks      | elapsed:   35.6s
[Parallel(n_jobs=1)]: Done   7 tasks      | elapsed:   58.7s
[Parallel(n_jobs=1)]: Done  12 tasks      | elapsed:  1.7min
[Parallel(n_jobs=1)]: Done  17 tasks      | elapsed:  3.4min
[Parallel(n_jobs=1)]: Done  24 tasks      | elapsed:  4.8min
[Parallel(n_jobs=1)]: Done  31 tasks      | elapsed:  5.6min
[Parallel(n_jobs=2)]: Using backend LokyBackend with 2 concurrent workers.
[Parallel(n_jobs=2)]: Done   1 tasks      | elapsed:    8.8s
[Parallel(n_jobs=2)]: Done   4 tasks      | elapsed:   23.9s
[Parallel(n_jobs=2)]: Done   9 tasks      | elapsed:   46.1s
[Parallel(n_jobs=2)]: Done  14 tasks      | elapsed:  1.6min
[Parallel(n_jobs=2)]: Done  21 tasks      | elapsed:  2.1min
[Parallel(n_jobs=2)]: Done  28 tasks      | elapsed:  2.5min
[Parallel(n_jobs=2)]: Done  32 out of  32 | elapsed:  2.9min finished
[Parallel(n_jobs=4)]: Using backend LokyBackend with 4 concurrent workers.
[Parallel(n_jobs=4)]: Done   5 tasks      | elapsed:   16.7s
[Parallel(n_jobs=4)]: Done  10 tasks      | elapsed:   33.2s
[Parallel(n_jobs=4)]: Done  17 tasks      | elapsed:   59.7s
[Parallel(n_jobs=4)]: Done  24 tasks      | elapsed:  1.4min
[Parallel(n_jobs=4)]: Done  29 out of  32 | elapsed:  1.8min remaining:   11.2s
[Parallel(n_jobs=4)]: Done  32 out of  32 | elapsed:  3.1min finished
[Parallel(n_jobs=8)]: Using backend LokyBackend with 8 concurrent workers.
[Parallel(n_jobs=8)]: Done   2 tasks      | elapsed:   12.2s
[Parallel(n_jobs=8)]: Done   9 tasks      | elapsed:   20.9s
[Parallel(n_jobs=8)]: Done  16 tasks      | elapsed:   33.7s
[Parallel(n_jobs=8)]: Done  21 out of  32 | elapsed:   44.6s remaining:   23.4s
[Parallel(n_jobs=8)]: Done  25 out of  32 | elapsed:   46.1s remaining:   12.9s
[Parallel(n_jobs=8)]: Done  29 out of  32 | elapsed:   56.8s remaining:    5.9s
[Parallel(n_jobs=8)]: Done  32 out of  32 | elapsed:  2.2min finished
[Parallel(n_jobs=16)]: Using backend LokyBackend with 16 concurrent workers.
[Parallel(n_jobs=16)]: Done   5 out of  32 | elapsed:   20.6s remaining:  1.9min
[Parallel(n_jobs=16)]: Done   9 out of  32 | elapsed:   22.0s remaining:   56.2s
[Parallel(n_jobs=16)]: Done  13 out of  32 | elapsed:   25.2s remaining:   36.9s
[Parallel(n_jobs=16)]: Done  17 out of  32 | elapsed:   28.1s remaining:   24.8s
[Parallel(n_jobs=16)]: Done  21 out of  32 | elapsed:   31.2s remaining:   16.3s
[Parallel(n_jobs=16)]: Done  25 out of  32 | elapsed:   34.5s remaining:    9.7s
[Parallel(n_jobs=16)]: Done  29 out of  32 | elapsed:   42.7s remaining:    4.4s
[Parallel(n_jobs=16)]: Done  32 out of  32 | elapsed:  2.3min finished
[Parallel(n_jobs=32)]: Using backend LokyBackend with 32 concurrent workers.
[Parallel(n_jobs=32)]: Done   5 out of  32 | elapsed:   34.3s remaining:  3.1min
[Parallel(n_jobs=32)]: Done   9 out of  32 | elapsed:   36.2s remaining:  1.5min
[Parallel(n_jobs=32)]: Done  13 out of  32 | elapsed:   36.7s remaining:   53.6s
[Parallel(n_jobs=32)]: Done  17 out of  32 | elapsed:   38.0s remaining:   33.6s
[Parallel(n_jobs=32)]: Done  21 out of  32 | elapsed:   42.0s remaining:   22.0s
[Parallel(n_jobs=32)]: Done  25 out of  32 | elapsed:   49.2s remaining:   13.8s
[Parallel(n_jobs=32)]: Done  29 out of  32 | elapsed:   52.2s remaining:    5.4s
[Parallel(n_jobs=32)]: Done  32 out of  32 | elapsed:  1.6min finished
